#-----------------------------------------------------------
# Vivado v2019.1.3 (64-bit)
# SW Build 2644227 on Wed Sep  4 09:44:18 MDT 2019
# IP Build 2633630 on Wed Sep  4 12:30:14 MDT 2019
# Start of session at: Mon Nov  7 23:03:55 2022
# Process ID: 10312
# Current directory: /home/julious/Documentos/RG7Digital2/lab03-2022-2-grupo07-22-2/SoC_project
# Command line: vivado
# Log file: /home/julious/Documentos/RG7Digital2/lab03-2022-2-grupo07-22-2/SoC_project/vivado.log
# Journal file: /home/julious/Documentos/RG7Digital2/lab03-2022-2-grupo07-22-2/SoC_project/vivado.jou
#-----------------------------------------------------------
start_gui
open_project /home/julious/Documentos/vivadoProjects/proyectoSilla/proyectoSilla.xpr
Scanning sources...
Finished scanning sources
INFO: [IP_Flow 19-234] Refreshing IP repositories
INFO: [IP_Flow 19-1704] No user IP repositories specified
INFO: [IP_Flow 19-2313] Loaded Vivado IP repository '/opt/Xilinx/Vivado/2019.1/data/ip'.
open_project: Time (s): cpu = 00:00:24 ; elapsed = 00:00:15 . Memory (MB): peak = 6399.039 ; gain = 88.805 ; free physical = 115 ; free virtual = 3768
update_compile_order -fileset sources_1
exit
INFO: [Common 17-206] Exiting Vivado at Mon Nov  7 23:11:05 2022...
